SF:lib\datareston&api\api\api.dart
DA:14,1
DA:15,4
DA:17,2
DA:18,3
DA:20,1
DA:28,0
DA:29,0
DA:31,0
DA:32,0
DA:34,0
DA:36,0
DA:41,0
DA:42,0
DA:44,0
DA:45,0
DA:47,0
DA:49,0
LF:17
LH:5
end_of_record
SF:lib\datareston&api\model&respon\respon\resto_list_respon.dart
DA:9,1
DA:16,2
DA:17,1
DA:18,1
DA:19,1
DA:20,1
DA:21,4
DA:25,0
DA:26,0
DA:27,0
DA:28,0
DA:29,0
LF:12
LH:7
end_of_record
SF:lib\datareston&api\model&respon\respon\resto_details_response.dart
DA:8,0
DA:14,0
DA:15,0
DA:16,0
DA:17,0
DA:20,0
DA:21,0
DA:22,0
DA:23,0
LF:9
LH:0
end_of_record
SF:lib\datareston&api\model&respon\respon\resto_list_pencarian.dart
DA:8,0
DA:14,0
DA:15,0
DA:16,0
DA:17,0
DA:18,0
DA:19,0
DA:22,0
DA:23,0
DA:24,0
DA:25,0
LF:11
LH:0
end_of_record
SF:lib\datareston&api\model&respon\resto_detail.dart
DA:8,0
DA:14,0
DA:15,0
DA:16,0
DA:17,0
DA:18,0
DA:21,0
DA:22,0
DA:23,0
DA:24,0
DA:40,0
DA:53,0
DA:54,0
DA:55,0
DA:56,0
DA:57,0
DA:58,0
DA:59,0
DA:60,0
DA:61,0
DA:62,0
DA:65,0
DA:66,0
DA:67,0
DA:68,0
DA:69,0
DA:74,0
DA:75,0
DA:76,0
DA:77,0
DA:78,0
DA:79,0
DA:80,0
DA:81,0
DA:82,0
DA:83,0
DA:85,0
DA:92,0
DA:94,0
DA:95,0
DA:98,0
DA:99,0
DA:107,0
DA:112,0
DA:113,0
DA:114,0
DA:115,0
DA:118,0
DA:119,0
DA:120,0
DA:125,0
DA:126,0
DA:127,0
DA:131,0
DA:138,0
DA:144,0
DA:145,0
DA:147,0
DA:148,0
LF:59
LH:0
end_of_record
SF:lib\datareston&api\model&respon\resto.dart
DA:2,1
DA:18,1
DA:19,1
DA:20,1
DA:21,1
DA:22,1
DA:23,1
DA:24,1
DA:25,2
DA:28,0
DA:29,0
DA:30,0
DA:31,0
DA:32,0
DA:33,0
DA:34,0
LF:16
LH:9
end_of_record
